Error DBFCDX/1004  Error de creación: Tmp\PrvArt009.dbf (DOS Error 3) 
- Llamado desde DBCREATE(0)
     Param   1:C Tmp\PrvArt009
     Param   2:A Len:    7
     Param   3:C DBFCDX
- Llamado desde BEGINTRANS(3815)
     Param   1:A Len:  135
     Param   2:N          2
     Local   1:C 10021             
     Local   2:C 7000000     
     Local   3:C             
- Llamado desde EDTREC(1006)
     Param   1:A Len:  135
     Param   2:A Len:  135
     Param   3:C ARTICULO
     Param   4:O Class: TWBROWSE
     Param   5:B { || ... } CodeBlock
     Param   6:B { || ... } CodeBlock
     Param   7:N          2
     Local   1:U NIL
     Local   2:U NIL
     Local   3:U NIL
     Local   4:U NIL
     Local   5:U NIL
     Local   6:U NIL
     Local   7:A Len:    6
     Local   8:U NIL
     Local   9:U NIL
     Local  10:U NIL
     Local  11:U NIL
     Local  12:U NIL
     Local  13:A Len:    6
     Local  14:A Len:   16
     Local  15:A Len:   16
     Local  16:U NIL
     Local  17:A Len:    3
     Local  18:A Len:    2
     Local  19:U NIL
     Local  20:U NIL
     Local  21:C EUR
     Local  22:L .F.
     Local  23:U NIL
     Local  24:C 
     Local  25:U NIL
     Local  26:N          0
     Local  27:U NIL
     Local  28:N          0
     Local  29:N          0
     Local  30:U NIL
     Local  31:C 
     Local  32:N          0
     Local  33:N          0
     Local  34:U NIL
     Local  35:N          0
     Local  36:U NIL
     Local  37:U NIL
     Local  38:C 
     Local  39:U NIL
     Local  40:N          0
     Local  41:U NIL
     Local  42:U NIL
     Local  43:U NIL
     Local  44:U NIL
     Local  45:U NIL
     Local  46:U NIL
     Local  47:U NIL
     Local  48:U NIL
     Local  49:U NIL
     Local  50:U NIL
     Local  51:U NIL
     Local  52:A Len:   13
- Llamado desde (b)STATICS$(0)
     Param   1:A Len:  135
     Param   2:A Len:  135
     Param   3:C ARTICULO
     Param   4:O Class: TWBROWSE
     Param   5:B { || ... } CodeBlock
     Param   6:B { || ... } CodeBlock
     Param   7:N          2
     Param   8:U 
     Local   1:U NIL
     Local   2:A Len:  135
     Local   3:A Len:  135
     Local   4:C ARTICULO
     Local   5:O Class: TWBROWSE
     Local   6:B { || ... } CodeBlock
     Local   7:B { || ... } CodeBlock
     Local   8:N          2
     Local   9:U NIL
     Local  10:U NIL
     Local  11:U NIL
     Local  12:U NIL
     Local  13:U NIL
     Local  14:U NIL
     Local  15:A Len:    6
     Local  16:U NIL
     Local  17:U NIL
     Local  18:U NIL
     Local  19:U NIL
     Local  20:U NIL
     Local  21:A Len:    6
     Local  22:A Len:   16
     Local  23:A Len:   16
     Local  24:U NIL
     Local  25:A Len:    3
     Local  26:A Len:    2
     Local  27:U NIL
     Local  28:U NIL
     Local  29:C EUR
     Local  30:L .F.
     Local  31:U NIL
     Local  32:C 
     Local  33:U NIL
     Local  34:N          0
     Local  35:U NIL
     Local  36:N          0
     Local  37:N          0
     Local  38:U NIL
     Local  39:C 
     Local  40:N          0
     Local  41:N          0
     Local  42:U NIL
     Local  43:N          0
     Local  44:U NIL
     Local  45:U NIL
     Local  46:C 
     Local  47:U NIL
     Local  48:N          0
     Local  49:U NIL
     Local  50:U NIL
     Local  51:U NIL
     Local  52:U NIL
     Local  53:U NIL
     Local  54:U NIL
     Local  55:U NIL
     Local  56:U NIL
     Local  57:U NIL
     Local  58:U NIL
     Local  59:U NIL
     Local  60:A Len:   13
     Local  61:U 
     Local  62:U NIL
     Local  63:A Len:  135
     Local  64:N          2
     Local  65:C 10021             
     Local  66:C 7000000     
     Local  67:C             
     Local  68:U 
     Local  69:U NIL
     Local  70:C Tmp\PrvArt009
     Local  71:A Len:    7
     Local  72:C DBFCDX
     Local  73:U 
     Local  74:B { || ... } CodeBlock
     Local  75:O Class: ERROR
     Local  76:U 
     Local  77:U NIL
     Local  78:O Class: ERROR
     Local  79:U NIL
     Local  80:C Error DBFCDX/1004  Error de creación: Tmp\PrvArt009.dbf (DOS Error 3) 
     Local  81:A Len:  159
     Local  82:N         82
     Local  83:N          5
     Local  84:A Len:  162
     Local  85:C      Local  85:C 
     Local  86:U 
     Local  87:U NIL
     Local  88:N 
     Local  89:N NIL
     Local  90:C          5
     Local  91:U         91
     Local  92:N         91
     Local  93:O Class: TPANEL
     Local  94:U NIL
     Local  95:U NIL
     Local  96:O Class: TWBROWSE
     Local  97:U NIL
     Local  98:U NIL
     Local  99:U NIL
     Local 100:U NIL
     Local 101:U NIL
     Local 102:O Class: TWBROWSE
     Local 103:N     852608
     Local 104:U NIL
     Local 105:U NIL
     Local 106:U NIL
     Local 107:U NIL
     Local 108:U NIL
     Local 109:N          0
     Local 110:U NIL
     Local 111:U NIL
     Local 112:N   37421920
     Local 113:N          5
     Local 114:N          0
     Local 115:N   37421920
     Local 116:N         27
     Local 117:O Class: TWBROWSE
     Local 118:A Len:    2
     Local 119:A Len:    2
     Local 120:N          5
     Local 121:N          0
     Local 122:N   37421920
     Local 123:O Class: TWBROWSE
     Local 124:U NIL
     Local 125:O Class: TWBROWSE
     Local 126:N          5
     Local 127:N          0
     Local 128:N   37421920
     Local 129:O Class: TWBROWSE
     Local 130:U NIL
     Local 131:O Class: TWBROWSE
     Local 132:N          0
     Local 133:N        864
     Local 134:N        571
     Local 135:O Class: TWBROWSE
     Local 136:U NIL
     Local 137:O Class: TWBROWSE
     Local 138:N          0
     Local 139:N        864
     Local 140:N        571
     Local 141:O Class: TWBROWSE
     Local 142:U NIL
     Local 143:U NIL
     Local 144:N     852608
     Local 145:N          0
     Local 146:N  185206824
     Local 147:O Class: TFONT
     Local 148:O Class: TWBROWSE
     Local 149:N         16
     Local 150:N         16
     Local 151:O Class: TWBROWSE
     Local 152:N     721510
     Local 153:N       2054
     Local 154:N **********
     Local 155:N   26214416
     Local 156:U NIL
     Local 157:N          0
     Local 158:N       2054
     Local 159:N **********
     Local 160:N          0
     Local 161:N         30
     Local 162:O Class: TCOMBOBOX
     Local 163:A Len:    2
     Local 164:A Len:    2
     Local 165:N       2054
     Local 166:N **********
     Local 167:N          0
     Local 168:O Class: TCOMBOBOX
     Local 169:N   26214416
     Local 170:O Class: TCOMBOBOX
     Local 171:N **********
     Local 172:O Class: TCOMBOBOX
     Local 173:N   26214416
     Local 174:O Class: TBRUSH
     Local 175:O Class: TCOMBOBOX
     Local 176:N   16777215
     Local 177:O Class: TCOMBOBOX
     Local 178:U NIL
     Local 179:U NIL
     Local 180:U NIL
     Local 181:U NIL
     Local 182:U NIL
     Local 183:U NIL
     Local 184:U NIL
     Local 185:U NIL
     Local 186:U NIL
     Local 187:U NIL
     Local 188:U NIL
     Local 189:U NIL
     Local 190:U NIL
     Local 191:U NIL
     Local 192:U NIL
     Local 193:U NIL
     Local 194:U NIL
     Local 195:U NIL
     Local 196:U NIL
     Local 197:U NIL
     Local 198:U NIL
     Local 199:U NIL
     Local 200:U NIL
     Local 201:U NIL
     Local 202:U NIL
     Local 203:U NIL
     Local 204:U NIL
     Local 205:U NIL
     Local 206:U NIL
     Local 207:U NIL
     Local 208:U NIL
     Local 209:U NIL
     Local 210:U NIL
     Local 211:U NIL
     Local 212:U NIL
     Local 213:U NIL
     Local 214:U NIL
     Local 215:U NIL
     Local 216:U NIL
     Local 217:U NIL
     Local 218:U NIL
     Local 219:U NIL
     Local 220:U NIL
     Local 221:U NIL
     Local 222:U NIL
     Local 223:U NIL
     Local 224:U NIL
     Local 225:U NIL
     Local 226:U NIL
     Local 227:U NIL
     Local 228:U NIL
     Local 229:U NIL
     Local 230:U NIL
     Local 231:U NIL
     Local 232:U NIL
     Local 233:U NIL
     Local 234:U NIL
     Local 235:U NIL
     Local 236:U NIL
     Local 237:U NIL
     Local 238:U NIL
     Local 239:U NIL
     Local 240:U NIL
     Local 241:U NIL
     Local 242:U NIL
     Local 243:U NIL
     Local 244:U NIL
     Local 245:U NIL
     Local 246:U NIL
     Local 247:U NIL
     Local 248:U NIL
     Local 249:U NIL
     Local 250:U NIL
     Local 251:U NIL
     Local 252:U NIL
     Local 253:U NIL
     Local 254:U NIL
     Local 255:U NIL
- Llamado desde WINEDTREC(1049)
     Param   1:O Class: TWBROWSE
     Param   2:B { || ... } CodeBlock
     Param   3:C ARTICULO
     Local   1:B { || ... } CodeBlock
     Local   2:B { || ... } CodeBlock
     Local   3:U NIL
     Local   4:A Len:  135
     Local   5:A Len:  135
     Local   6:L .F.
     Local   7:N          0
- Llamado desde (b)ARTICULO(730)
- Llamado desde TSHELL:RECEDIT(1181)
     Local   1:O Class: TSHELL
- Llamado desde (b)NEW(533)
     Param   1:N        181
     Param   2:N        348
     Param   3:N          1
     Param   4:O Class: TWBROWSE
- Llamado desde TWBROWSE:LDBLCLICK(1738)
     Param   1:N        181
     Param   2:N        348
     Param   3:N          1
     Local   1:O Class: TWBROWSE
- Llamado desde TWBROWSE:LDBLCLICK(1529)
     Param   1:N        181
     Param   2:N        348
     Param   3:N          1
     Local   1:O Class: TWBROWSE
     Local   2:N         10
     Local   3:N          4
- Llamado desde TWBROWSE:HANDLEEVENT(3029)
     Param   1:N        515
     Param   2:N          1
     Param   3:N   11862364
     Local   1:O Class: TWBROWSE
- Llamado desde TWBROWSE:HANDLEEVENT(0)
     Param   1:N        515
     Param   2:N          1
     Param   3:N   11862364
     Local   1:O Class: TWBROWSE
- Llamado desde _FWC3(3130)
     Param   1:N   11862364
     Param   2:N        515
     Param   3:N          1
     Param   4:N   11862364
     Param   5:N         27
     Local   1:O Class: TWBROWSE
- Llamado desde WINRUN(0)
     Param   1:N    1835282
- Llamado desde TMDIFRAME:ACTIVATE(878)
     Param   1:C MAXIMIZED
     Param   2:U NIL
     Param   3:U NIL
     Param   4:U NIL
     Param   5:U NIL
     Param   6:B { || ... } CodeBlock
     Param   7:B { || ... } CodeBlock
     Param   8:B { || ... } CodeBlock
     Param   9:U NIL
     Param  10:U NIL
     Param  11:U NIL
     Param  12:U NIL
     Param  13:U NIL
     Param  14:U NIL
     Param  15:U NIL
     Param  16:U NIL
     Param  17:B { || ... } CodeBlock
     Param  18:U NIL
     Param  19:U NIL
     Local   1:O Class: TMDIFRAME
     Local   2:U NIL
     Local   3:U NIL
- Llamado desde MAIN(120)
     Local   1:C 
     Local   2:U NIL
     Local   3:U NIL
     Local   4:U NIL
     Local   5:O Class: TICON
     Local   6:O Class: TBITMAP
     Local   7:U NIL
     Local   8:U NIL
