Error ADSCDX/5132  Error 5132:  The specified database object name is not valid.  An object with the same name already exists in the data dictionary.: C:\Gestool\Emp0023\REMMOVT.DBF
Llamado desde DEFERROR(54)
Llamado desde (b)ERRORSYS(10)
Llamado desde DBCREATE(0)
Llamado desde TREMMOVT:CREATE(849)
Llamado desde (b)TMANT(150)
Llamado desde TREMMOVALM:BUILDFILES(0)
Llamado desde STARTPATHEMP(4181)
Llamado desde (b)MKPATHEMP(3543)
Llamado desde (b)TDIALOG(97)
Llamado desde TDIALOG:DISPLAY(0)
Llamado desde TDIALOG:HANDLEEVENT(924)
Llamado desde DIALOGBOX(0)
Llamado desde TDIALOG:ACTIVATE(318)
Llamado desde MKPATHEMP(3545)
Llamado desde INITIALPROCCESBUILDEMPRESA(503)
Llamado desde WINAPPEMP(477)
Llamado desde (b)EMPRESA(327)
Llamado desde TSHELL:RECADD(1169)
Llamado desde (b)EMPRESA(394)
Llamado desde TSHELL:CLICKTREE(2024)
Llamado desde (b)TSHELL_NEW(471)
Llamado desde TWINDOW:LBUTTONUP(1995)
Llamado desde TTREEVIEW:LBUTTONUP(675)
Llamado desde TCONTROL:HANDLEEVENT(1721)
Llamado desde TTREEVIEW:HANDLEEVENT(407)
Llamado desde _FWH(3368)
Llamado desde WINRUN(0)
Llamado desde TMDIFRAME:ACTIVATE(1043)
Llamado desde CREATEMAINWINDOW(301)
Llamado desde MAIN(209)
- Llamado desde (b)ERRORSYS(10)
     Param   1:O Class: ERROR
     Local   1:U 
     Local   2:C Error ADSCDX/5132  Error 5132:  The specified database object name is not valid.  An object with the same name already exists in the data dictionary.: C:\Gestool\Emp0023\REMMOVT.DBF
Llamado desde DEFERROR(54)
Llamado desde (b)ERRORSYS(10)
Llamado desde DBCREATE(0)
Llamado desde TREMMOVT:CREATE(849)
Llamado desde (b)TMANT(150)
Llamado desde TREMMOVALM:BUILDFILES(0)
Llamado desde STARTPATHEMP(4181)
Llamado desde (b)MKPATHEMP(3543)
Llamado desde (b)TDIALOG(97)
Llamado desde TDIALOG:DISPLAY(0)
Llamado desde TDIALOG:HANDLEEVENT(924)
Llamado desde DIALOGBOX(0)
Llamado desde TDIALOG:ACTIVATE(318)
Llamado desde MKPATHEMP(3545)
Llamado desde INITIALPROCCESBUILDEMPRESA(503)
Llamado desde WINAPPEMP(477)
Llamado desde (b)EMPRESA(327)
Llamado desde TSHELL:RECADD(1169)
Llamado desde (b)EMPRESA(394)
Llamado desde TSHELL:CLICKTREE(2024)
Llamado desde (b)TSHELL_NEW(471)
Llamado desde TWINDOW:LBUTTONUP(1995)
Llamado desde TTREEVIEW:LBUTTONUP(675)
Llamado desde TCONTROL:HANDLEEVENT(1721)
Llamado desde TTREEVIEW:HANDLEEVENT(407)
Llamado desde _FWH(3368)
Llamado desde WINRUN(0)
Llamado desde TMDIFRAME:ACTIVATE(1043)
Llamado desde CREATEMAINWINDOW(301)
Llamado desde MAIN(209)
     Local   3:A Len:    4
     Local   4:N 4
     Local   5:N 1
     Local   6:S 
- Llamado desde DBCREATE(0)
     Param   1:O Class: ERROR
- Llamado desde TREMMOVT:CREATE(849)
     Param   1:C C:\Gestool\Emp0023\REMMOVT.DBF
     Param   2:A Len:   18
     Param   3:C ADS
     Local   1:U 
     Local   2:U 
- Llamado desde (b)TMANT(150)
- Llamado desde TREMMOVALM:BUILDFILES(0)
     Param   1:O Class: TREMMOVALM
     Param   2:C C:\Gestool\Emp0023\
- Llamado desde STARTPATHEMP(4181)
     Param   1:C C:\Gestool\Emp0023\
- Llamado desde (b)MKPATHEMP(3543)
     Param   1:C C:\Gestool\Emp0023\
     Param   2:C C:\Gestool\Emp0021\
     Param   3:C 0023
     Param   4:C MANUEL ALEJANDRO BARNETO ALANÍS              
     Param   5:C 0021
     Param   6:O Class: AIMPORTACION
     Param   7:L .T.
     Param   8:L .T.
     Param   9:N 1
     Param  10:O Class: TSAY
     Local   1:C     
     Local   2:C C:\Gestool\Emp0021\
     Local   3:L .T.
- Llamado desde (b)TDIALOG(97)
     Param   1:U 
- Llamado desde TDIALOG:DISPLAY(0)
     Param   1:O Class: TDIALOG
- Llamado desde TDIALOG:HANDLEEVENT(924)
- Llamado desde DIALOGBOX(0)
     Param   1:N 15
     Param   2:N 0
     Param   3:N 0
- Llamado desde TDIALOG:ACTIVATE(318)
     Param   1:N 4194304
     Param   2:C CreaEmp
     Param   3:N 1638830
     Param   4:O Class: TDIALOG
- Llamado desde MKPATHEMP(3545)
     Param   1:U 
     Param   2:U 
     Param   3:U 
     Param   4:L .T.
     Param   5:B {|| ... }
     Param   6:L .T.
     Param   7:U 
     Param   8:U 
     Param   9:U 
     Param  10:U 
     Param  11:U 
     Local   1:N 1638830
     Local   2:S 
     Local   3:O Class: TDIALOG
- Llamado desde INITIALPROCCESBUILDEMPRESA(503)
     Param   1:C 0023
     Param   2:C MANUEL ALEJANDRO BARNETO ALANÍS              
     Param   3:C 0021
     Param   4:O Class: AIMPORTACION
     Param   5:L .T.
     Param   6:L .T.
     Param   7:N 1
     Local   1:O Class: TSAY
     Local   2:O Class: TDIALOG
     Local   3:O Class: TBITMAP
     Local   4:L .F.
     Local   5:A Len:    1
     Local   6:C Creando nueva empresa
     Local   7:C C:\Gestool\Emp0023\
     Local   8:C C:\Gestool\Emp0021\
- Llamado desde WINAPPEMP(477)
     Param   1:C 0023
     Param   2:C MANUEL ALEJANDRO BARNETO ALANÍS              
- Llamado desde (b)EMPRESA(327)
     Local   1:C 0023
     Local   2:C MANUEL ALEJANDRO BARNETO ALANÍS              
- Llamado desde TSHELL:RECADD(1169)
- Llamado desde (b)EMPRESA(394)
- Llamado desde TSHELL:CLICKTREE(2024)
- Llamado desde (b)TSHELL_NEW(471)
     Local   1:O Class: TTVITEM
- Llamado desde TWINDOW:LBUTTONUP(1995)
     Param   1:N 69
     Param   2:N 81
     Param   3:N 0
- Llamado desde TTREEVIEW:LBUTTONUP(675)
     Param   1:N 69
     Param   2:N 81
     Param   3:N 0
- Llamado desde TCONTROL:HANDLEEVENT(1721)
     Param   1:N 69
     Param   2:N 81
     Param   3:N 0
     Local   1:A Len:    2
     Local   2:L .F.
- Llamado desde TTREEVIEW:HANDLEEVENT(407)
     Param   1:N 514
     Param   2:N 0
     Param   3:N 4522065
     Local   1:U 
- Llamado desde _FWH(3368)
     Param   1:N 514
     Param   2:N 0
     Param   3:N 4522065
- Llamado desde WINRUN(0)
     Param   1:N 4522065
     Param   2:N 514
     Param   3:N 0
     Param   4:N 4522065
     Param   5:N 19
     Local   1:O Class: TTREEVIEW
- Llamado desde TMDIFRAME:ACTIVATE(1043)
     Param   1:N 1638830
- Llamado desde CREATEMAINWINDOW(301)
     Param   1:C MAXIMIZED
     Param   2:U 
     Param   3:U 
     Param   4:U 
     Param   5:B {|| ... }
     Param   6:B {|| ... }
     Param   7:B {|| ... }
     Param   8:B {|| ... }
     Param   9:U 
     Param  10:U 
     Param  11:U 
     Param  12:U 
     Param  13:U 
     Param  14:U 
     Param  15:U 
     Param  16:U 
     Param  17:B {|| ... }
     Param  18:U 
     Param  19:U 
     Param  20:L .F.
     Local   1:O Class: TMDIFRAME
     Local   2:U 
     Local   3:U 
- Llamado desde MAIN(209)
     Param   1:O Class: TICON
